<?xml version='1.0' encoding='UTF-8'?>
<testsuite hostname="MacBook-Pro-de-Miguel.local" name="com.beamsuntory.amz.de.harmonization.HarmonizationReviewsTest" tests="1" errors="0" failures="0" skipped="0" time="0.0">
                     <properties>
[...]
</properties>
                     <testcase classname="com.beamsuntory.amz.de.harmonization.HarmonizationReviewsTest" name="Test for reviews analysis" time="0.0">
                                                 
                                               </testcase>
                     <system-out></system-out>
                     <system-err></system-err>
                   </testsuite>